<?xml version="1.0" encoding="UTF-8"?>
<!-- Generated by org.testng.reporters.JUnitReportReporter -->
<testsuite name="tes.LoginPage" tests="3" time="5.969" ignored="0" failures="0" timestamp="20 Jul 2021 07:03:05 GMT" skipped="0" hostname="DESKTOP-2K2AP8P" errors="0">
  <testcase name="Test" time="5.959" classname="tes.LoginPage"/>
  <testcase name="Test2" time="0.003" classname="tes.LoginPage"/>
  <testcase name="Test3" time="0.007" classname="tes.LoginPage"/>
</testsuite> <!-- tes.LoginPage -->
