<?xml version="1.0" encoding="UTF-8"?>
<!-- Generated by org.testng.reporters.JUnitReportReporter -->
<testsuite name="org.parallel.Facebook" tests="3" time="37.188" ignored="0" failures="0" timestamp="27 Jul 2021 06:28:08 GMT" skipped="0" hostname="DESKTOP-2K2AP8P" errors="0">
  <testcase name="Test" time="7.411" classname="org.parallel.Facebook"/>
  <testcase name="Test" time="6.804" classname="org.parallel.Facebook"/>
  <testcase name="Test" time="22.973" classname="org.parallel.Facebook"/>
</testsuite> <!-- org.parallel.Facebook -->
