<?xml version="1.0" encoding="UTF-8"?>
<!-- Generated by org.testng.reporters.JUnitReportReporter -->
<testsuite name="org.dataprovider.Facebook" tests="4" time="69.934" ignored="0" failures="0" timestamp="24 Jul 2021 11:06:15 GMT" skipped="0" hostname="DESKTOP-2K2AP8P" errors="0">
  <testcase name="Test" time="15.268" classname="org.dataprovider.Facebook"/>
  <testcase name="Test" time="30.576" classname="org.dataprovider.Facebook"/>
  <testcase name="Test" time="16.044" classname="org.dataprovider.Facebook"/>
  <testcase name="Test" time="8.046" classname="org.dataprovider.Facebook"/>
</testsuite> <!-- org.dataprovider.Facebook -->
