<?xml version="1.0" encoding="UTF-8"?>
<!-- Generated by org.testng.reporters.JUnitReportReporter -->
<testsuite name="org.parameter.A" tests="3" time="0.047" ignored="0" failures="0" timestamp="20 Jul 2021 16:57:04 GMT" skipped="0" hostname="DESKTOP-2K2AP8P" errors="0">
  <testcase name="testA1" time="0.031" classname="org.parameter.A"/>
  <testcase name="testA3" time="0.000" classname="org.parameter.A"/>
  <testcase name="testA2" time="0.016" classname="org.parameter.A"/>
</testsuite> <!-- org.parameter.A -->
