<?xml version="1.0" encoding="UTF-8"?>
<!-- Generated by org.testng.reporters.JUnitReportReporter -->
<testsuite name="org.dataprovider.A" tests="4" time="0.080" ignored="0" failures="0" timestamp="24 Jul 2021 09:52:40 GMT" skipped="0" hostname="DESKTOP-2K2AP8P" errors="0">
  <testcase name="testA1" time="0.036" classname="org.dataprovider.A"/>
  <testcase name="testA1" time="0.028" classname="org.dataprovider.A"/>
  <testcase name="testA3" time="0.012" classname="org.dataprovider.A"/>
  <testcase name="testA2" time="0.004" classname="org.dataprovider.A"/>
</testsuite> <!-- org.dataprovider.A -->
