<?xml version="1.0" encoding="UTF-8"?>
<!-- Generated by org.testng.reporters.JUnitReportReporter -->
<testsuite name="org.parameter.LoginPage" tests="3" time="6.792" ignored="0" failures="0" timestamp="20 Jul 2021 17:18:01 GMT" skipped="0" hostname="DESKTOP-2K2AP8P" errors="0">
  <testcase name="Test3" time="0.000" classname="org.parameter.LoginPage"/>
  <testcase name="Test" time="4.905" classname="org.parameter.LoginPage"/>
  <testcase name="Test2" time="1.887" classname="org.parameter.LoginPage"/>
</testsuite> <!-- org.parameter.LoginPage -->
