<?xml version="1.0" encoding="UTF-8"?>
<!-- Generated by org.testng.reporters.JUnitReportReporter -->
<testsuite name="org.parallel.B" tests="3" time="0.008" ignored="0" failures="0" timestamp="25 Jul 2021 05:03:39 GMT" skipped="0" hostname="DESKTOP-2K2AP8P" errors="0">
  <testcase name="testB2" time="0.000" classname="org.parallel.B"/>
  <testcase name="testB1" time="0.000" classname="org.parallel.B"/>
  <testcase name="testB3" time="0.008" classname="org.parallel.B"/>
</testsuite> <!-- org.parallel.B -->
