<?xml version="1.0" encoding="UTF-8"?>
<!-- Generated by org.testng.reporters.JUnitReportReporter -->
<testsuite name="org.parallel.C" tests="3" time="0.314" ignored="0" failures="0" timestamp="25 Jul 2021 04:24:04 GMT" skipped="0" hostname="DESKTOP-2K2AP8P" errors="0">
  <testcase name="testC1" time="0.063" classname="org.parallel.C"/>
  <testcase name="testC2" time="0.079" classname="org.parallel.C"/>
  <testcase name="testC3" time="0.172" classname="org.parallel.C"/>
</testsuite> <!-- org.parallel.C -->
