<?xml version="1.0" encoding="UTF-8"?>
<!-- Generated by org.testng.reporters.JUnitReportReporter -->
<testsuite name="org.grouping.A" tests="7" time="0.103" ignored="1" failures="0" timestamp="25 Jul 2021 08:28:26 GMT" skipped="0" hostname="DESKTOP-2K2AP8P" errors="0">
  <testcase name="testA1" time="0.056" classname="org.grouping.A"/>
  <testcase name="testA2" time="0.016" classname="org.grouping.A"/>
  <testcase name="testA5" time="0.000" classname="org.grouping.A"/>
  <testcase name="testA6" time="0.000" classname="org.grouping.A"/>
  <testcase name="testA3" time="0.000" classname="org.grouping.A"/>
  <testcase name="testA4" time="0.016" classname="org.grouping.A"/>
  <testcase name="testA8" time="0.015" classname="org.grouping.A"/>
  <testcase name="testA7" classname="org.grouping.A">
    <skipped/>
  </testcase> <!-- testA7 -->
</testsuite> <!-- org.grouping.A -->
