<?xml version="1.0" encoding="UTF-8"?>
<!-- Generated by org.testng.reporters.JUnitReportReporter -->
<testsuite name="org.parallel.A" tests="3" time="0.407" ignored="0" failures="0" timestamp="25 Jul 2021 04:24:04 GMT" skipped="0" hostname="DESKTOP-2K2AP8P" errors="0">
  <testcase name="testA3" time="0.141" classname="org.parallel.A"/>
  <testcase name="testA2" time="0.125" classname="org.parallel.A"/>
  <testcase name="testA1" time="0.141" classname="org.parallel.A"/>
</testsuite> <!-- org.parallel.A -->
