<?xml version="1.0" encoding="UTF-8"?>
<!-- Generated by org.testng.reporters.JUnitReportReporter -->
<testsuite name="tes.A" tests="3" time="0.015" ignored="1" failures="0" timestamp="20 Jul 2021 06:04:33 GMT" skipped="0" hostname="DESKTOP-2K2AP8P" errors="0">
  <testcase name="testA3" time="0.015" classname="tes.A"/>
  <testcase name="testA1" time="0.000" classname="tes.A"/>
  <testcase name="testA2" time="0.000" classname="tes.A"/>
  <testcase name="Test2" classname="testNG.SampletestNG">
    <skipped/>
  </testcase> <!-- Test2 -->
</testsuite> <!-- tes.A -->
