<?xml version="1.0" encoding="UTF-8"?>
<!-- Generated by org.testng.reporters.JUnitReportReporter -->
<testsuite name="testNG.SampletestNG" tests="6" time="0.064" ignored="1" failures="0" timestamp="20 Jul 2021 06:04:33 GMT" skipped="0" hostname="DESKTOP-2K2AP8P" errors="0">
  <testcase name="Test3" time="0.000" classname="testNG.SampletestNG"/>
  <testcase name="Test" time="0.001" classname="testNG.SampletestNG"/>
  <testcase name="Test3" time="0.000" classname="testNG.SampletestNG"/>
  <testcase name="Test3" time="0.016" classname="testNG.SampletestNG"/>
  <testcase name="Test3" time="0.015" classname="testNG.SampletestNG"/>
  <testcase name="Test3" time="0.032" classname="testNG.SampletestNG"/>
  <testcase name="Test2" classname="testNG.SampletestNG">
    <skipped/>
  </testcase> <!-- Test2 -->
</testsuite> <!-- testNG.SampletestNG -->
