<?xml version="1.0" encoding="UTF-8"?>
<!-- Generated by org.testng.reporters.JUnitReportReporter -->
<testsuite name="org.dataprovider.LoginPage" tests="4" time="46.753" ignored="0" failures="0" timestamp="24 Jul 2021 09:49:13 GMT" skipped="0" hostname="DESKTOP-2K2AP8P" errors="0">
  <testcase name="Test2" time="0.012" classname="org.dataprovider.LoginPage"/>
  <testcase name="Test" time="23.435" classname="org.dataprovider.LoginPage"/>
  <testcase name="Test3" time="0.004" classname="org.dataprovider.LoginPage"/>
  <testcase name="Test" time="23.302" classname="org.dataprovider.LoginPage"/>
</testsuite> <!-- org.dataprovider.LoginPage -->
